<?xml version="1.0" encoding="utf-8"?><testsuites name="pytest tests"><testsuite name="pytest" errors="0" failures="0" skipped="0" tests="11" time="80.933" timestamp="2026-05-23T12:47:30.562432+00:00" hostname="agent-env-92c2c755-4d18-471c-b7f4-2269fae521a5"><testcase classname="backend.tests.backend_test.TestHealth" name="test_health_ok" time="0.132" /><testcase classname="backend.tests.backend_test.TestIndex" name="test_index_invalid_url_returns_422" time="0.045" /><testcase classname="backend.tests.backend_test.TestIndex" name="test_index_non_github_url_returns_422" time="0.048" /><testcase classname="backend.tests.backend_test.TestIndex" name="test_index_valid_repo_returns_brief" time="13.085" /><testcase classname="backend.tests.backend_test.TestChat" name="test_chat_unknown_session_returns_404" time="0.053" /><testcase classname="backend.tests.backend_test.TestChat" name="test_chat_empty_question_returns_422" time="0.058" /><testcase classname="backend.tests.backend_test.TestChat" name="test_chat_classifier_kinds[architecture-How is this architecture structured?]" time="14.397" /><testcase classname="backend.tests.backend_test.TestChat" name="test_chat_classifier_kinds[flow-How does a request flow through commander?]" time="14.640" /><testcase classname="backend.tests.backend_test.TestChat" name="test_chat_classifier_kinds[drift-What changed recently? Where is the drift?]" time="12.832" /><testcase classname="backend.tests.backend_test.TestChat" name="test_chat_classifier_kinds[signal-What TODOs and hidden risks exist?]" time="15.199" /><testcase classname="backend.tests.backend_test.TestChat" name="test_chat_classifier_kinds[module-What does index.js do?]" time="10.327" /></testsuite></testsuites>