<?xml version="1.0" encoding="utf-8"?><testsuites name="pytest tests"><testsuite name="pytest" errors="0" failures="0" skipped="0" tests="11" time="41.080" timestamp="2026-05-23T13:00:10.957650+00:00" hostname="agent-env-92c2c755-4d18-471c-b7f4-2269fae521a5"><testcase classname="backend.tests.backend_test.TestHealth" name="test_health_ok" time="0.235" /><testcase classname="backend.tests.backend_test.TestIndex" name="test_index_invalid_url_returns_422" time="0.048" /><testcase classname="backend.tests.backend_test.TestIndex" name="test_index_non_github_url_returns_422" time="0.048" /><testcase classname="backend.tests.backend_test.TestIndex" name="test_stats_before_index" time="0.051" /><testcase classname="backend.tests.backend_test.TestIndex" name="test_stats_invalid_url_does_not_increment" time="0.145" /><testcase classname="backend.tests.backend_test.TestIndex" name="test_index_valid_repo_returns_brief" time="11.643" /><testcase classname="backend.tests.backend_test.TestIndex" name="test_stats_incremented_by_one" time="0.054" /><testcase classname="backend.tests.backend_test.TestChat" name="test_chat_unknown_session_returns_404" time="0.079" /><testcase classname="backend.tests.backend_test.TestChat" name="test_chat_empty_question_returns_422" time="0.051" /><testcase classname="backend.tests.backend_test.TestChat" name="test_chat_classifier_kinds[architecture-How is this architecture structured?]" time="17.450" /><testcase classname="backend.tests.backend_test.TestChat" name="test_chat_classifier_kinds[module-What does index.js do?]" time="11.186" /></testsuite></testsuites>